<?xml version="1.0" encoding="UTF-8"?>
<robot generator="Robot 7.3.2 (Python 3.13.7 on win32)" generated="2025-09-21T17:43:34.285041" rpa="false" schemaversion="5">
<suite id="s1" name="PythonProject" source="C:\Users\Sagar\PycharmProjects\PythonProject">
<suite id="s1-s1" name="Test" source="C:\Users\Sagar\PycharmProjects\PythonProject\Test">
<suite id="s1-s1-s1" name="TestDemo7" source="C:\Users\Sagar\PycharmProjects\PythonProject\Test\TestDemo7.robot">
<test id="s1-s1-s1-t1" name="Validate Login Form" line="20">
<kw name="open the browser with mortigate payment url" owner="Generic_resource" type="SETUP">
<kw name="Create Webdriver" owner="SeleniumLibrary">
<msg time="2025-09-21T17:43:36.045231" level="INFO">Creating an instance of the Firefox WebDriver.</msg>
<msg time="2025-09-21T17:43:37.722680" level="INFO">Cannot capture screenshot because no browser is open.</msg>
<msg time="2025-09-21T17:43:37.722949" level="FAIL">NoSuchDriverException: Message: Unable to obtain driver for firefox; For documentation on this error, please visit: https://www.selenium.dev/documentation/webdriver/troubleshooting/errors/driver_location
</msg>
<arg>${browsername}</arg>
<doc>Creates an instance of Selenium WebDriver.</doc>
<status status="FAIL" start="2025-09-21T17:43:36.044946" elapsed="1.972724">NoSuchDriverException: Message: Unable to obtain driver for firefox; For documentation on this error, please visit: https://www.selenium.dev/documentation/webdriver/troubleshooting/errors/driver_location
</status>
</kw>
<kw name="Go To" owner="SeleniumLibrary">
<arg>https://rahulshettyacademy.com/loginpagePractise/</arg>
<doc>Navigates the current browser window to the provided ``url``.</doc>
<status status="NOT RUN" start="2025-09-21T17:43:38.018437" elapsed="0.000056"/>
</kw>
<kw name="Maximize Browser Window" owner="SeleniumLibrary">
<doc>Maximizes current browser window.</doc>
<status status="NOT RUN" start="2025-09-21T17:43:38.018661" elapsed="0.000038"/>
</kw>
<kw name="Sleep" owner="BuiltIn">
<arg>5</arg>
<doc>Pauses the test executed for the given time.</doc>
<status status="NOT RUN" start="2025-09-21T17:43:38.018828" elapsed="0.000035"/>
</kw>
<arg>${browser_name}</arg>
<status status="FAIL" start="2025-09-21T17:43:36.042523" elapsed="1.976504">NoSuchDriverException: Message: Unable to obtain driver for firefox; For documentation on this error, please visit: https://www.selenium.dev/documentation/webdriver/troubleshooting/errors/driver_location
</status>
</kw>
<tag>SMOKE</tag>
<status status="FAIL" start="2025-09-21T17:43:36.041346" elapsed="1.978539">Setup failed:
NoSuchDriverException: Message: Unable to obtain driver for firefox; For documentation on this error, please visit: https://www.selenium.dev/documentation/webdriver/troubleshooting/errors/driver_location
</status>
</test>
<doc>To Validate Login Form</doc>
<status status="FAIL" start="2025-09-21T17:43:34.351892" elapsed="3.671187"/>
</suite>
<status status="FAIL" start="2025-09-21T17:43:34.350051" elapsed="3.674769"/>
</suite>
<status status="FAIL" start="2025-09-21T17:43:34.288472" elapsed="3.738333"/>
</suite>
<statistics>
<total>
<stat pass="0" fail="1" skip="0">All Tests</stat>
</total>
<tag>
<stat pass="0" fail="1" skip="0">SMOKE</stat>
</tag>
<suite>
<stat name="PythonProject" id="s1" pass="0" fail="1" skip="0">PythonProject</stat>
<stat name="Test" id="s1-s1" pass="0" fail="1" skip="0">PythonProject.Test</stat>
<stat name="TestDemo7" id="s1-s1-s1" pass="0" fail="1" skip="0">PythonProject.Test.TestDemo7</stat>
</suite>
</statistics>
<errors>
</errors>
</robot>
